app/build/intermediates/manifest_merge_blame_file/debug/processDebugMainManifest/manifest-merger-blame-debug-report.txt
1<?xml version="1.0" encoding="utf-8"?>
2<manifest xmlns:android="http://schemas.android.com/apk/res/android"
3    package="com.example.travel_app"
4    android:versionCode="1"
5    android:versionName="1.0" >
6
7    <uses-sdk
8        android:minSdkVersion="24"
9        android:targetSdkVersion="34" />
10
11    <uses-permission android:name="android.permission.INTERNET" />
11-->src\main\AndroidManifest.xml:5:5-67
11-->src\main\AndroidManifest.xml:5:22-64
12    <uses-permission android:name="android.permission.ACCESS_NETWORK_STATE" />
12-->src\main\AndroidManifest.xml:6:5-79
12-->src\main\AndroidManifest.xml:6:22-76
13    <uses-permission android:name="android.permission.WRITE_EXTERNAL_STORAGE" />
13-->src\main\AndroidManifest.xml:7:5-81
13-->src\main\AndroidManifest.xml:7:22-78
14    <uses-permission android:name="android.permission.READ_EXTERNAL_STORAGE" />
14-->src\main\AndroidManifest.xml:8:5-79
14-->src\main\AndroidManifest.xml:8:22-77
15    <uses-permission android:name="android.permission.MANAGE_EXTERNAL_STORAGE" />
15-->src\main\AndroidManifest.xml:9:5-82
15-->src\main\AndroidManifest.xml:9:22-79
16
17    <!-- See https://developer.android.com/training/package-visibility/declaring for more details. -->
18    <queries>
18-->[com.stripe:payments-core:17.2.0] AndroidManifest.xml:10:5-14:15
19
20        <!-- Added to check if Chrome is installed for browser-based payment authentication (e.g. 3DS1). -->
21        <package android:name="com.android.chrome" />
21-->[com.stripe:payments-core:17.2.0] AndroidManifest.xml:13:9-54
21-->[com.stripe:payments-core:17.2.0] AndroidManifest.xml:13:18-51
22    </queries>
23
24    <uses-feature
24-->[com.google.android.gms:play-services-maps:17.0.0] AndroidManifest.xml:26:5-28:35
25        android:glEsVersion="0x00020000"
25-->[com.google.android.gms:play-services-maps:17.0.0] AndroidManifest.xml:27:9-41
26        android:required="true" />
26-->[com.google.android.gms:play-services-maps:17.0.0] AndroidManifest.xml:28:9-32
27
28    <uses-permission android:name="com.google.android.providers.gsf.permission.READ_GSERVICES" />
28-->[com.google.android.recaptcha:recaptcha:18.4.0] AndroidManifest.xml:9:5-98
28-->[com.google.android.recaptcha:recaptcha:18.4.0] AndroidManifest.xml:9:22-95
29
30    <permission
30-->[androidx.core:core:1.13.0] AndroidManifest.xml:22:5-24:47
31        android:name="com.example.travel_app.DYNAMIC_RECEIVER_NOT_EXPORTED_PERMISSION"
31-->[androidx.core:core:1.13.0] AndroidManifest.xml:23:9-81
32        android:protectionLevel="signature" />
32-->[androidx.core:core:1.13.0] AndroidManifest.xml:24:9-44
33
34    <uses-permission android:name="com.example.travel_app.DYNAMIC_RECEIVER_NOT_EXPORTED_PERMISSION" />
34-->[androidx.core:core:1.13.0] AndroidManifest.xml:26:5-97
34-->[androidx.core:core:1.13.0] AndroidManifest.xml:26:22-94
35
36    <application
36-->src\main\AndroidManifest.xml:11:5-76:19
37        android:allowBackup="true"
37-->src\main\AndroidManifest.xml:12:9-35
38        android:appComponentFactory="androidx.core.app.CoreComponentFactory"
38-->[androidx.core:core:1.13.0] AndroidManifest.xml:28:18-86
39        android:dataExtractionRules="@xml/data_extraction_rules"
39-->src\main\AndroidManifest.xml:13:9-65
40        android:debuggable="true"
41        android:extractNativeLibs="false"
42        android:fullBackupContent="@xml/backup_rules"
42-->src\main\AndroidManifest.xml:14:9-54
43        android:icon="@mipmap/ic_launcher"
43-->src\main\AndroidManifest.xml:15:9-43
44        android:label="@string/app_name"
44-->src\main\AndroidManifest.xml:16:9-41
45        android:roundIcon="@mipmap/ic_launcher_round"
45-->src\main\AndroidManifest.xml:17:9-54
46        android:supportsRtl="true"
46-->src\main\AndroidManifest.xml:18:9-35
47        android:testOnly="true"
48        android:theme="@style/Theme.Travel_app"
48-->src\main\AndroidManifest.xml:19:9-48
49        android:usesCleartextTraffic="true" >
49-->src\main\AndroidManifest.xml:20:9-44
50        <activity
50-->src\main\AndroidManifest.xml:22:9-24:40
51            android:name="com.example.travel_app.Activity.admin.AllTourActivity"
51-->src\main\AndroidManifest.xml:23:13-59
52            android:exported="false" />
52-->src\main\AndroidManifest.xml:24:13-37
53        <activity
53-->src\main\AndroidManifest.xml:25:9-27:40
54            android:name="com.example.travel_app.Activity.admin.AdminAddTour"
54-->src\main\AndroidManifest.xml:26:13-56
55            android:exported="false" />
55-->src\main\AndroidManifest.xml:27:13-37
56        <activity
56-->src\main\AndroidManifest.xml:28:9-30:40
57            android:name="com.example.travel_app.Activity.admin.AdminMainActivity"
57-->src\main\AndroidManifest.xml:29:13-61
58            android:exported="false" />
58-->src\main\AndroidManifest.xml:30:13-37
59        <activity
59-->src\main\AndroidManifest.xml:31:9-33:40
60            android:name="com.example.travel_app.Activity.admin.AllOderActivity"
60-->src\main\AndroidManifest.xml:32:13-59
61            android:exported="false" />
61-->src\main\AndroidManifest.xml:33:13-37
62        <activity
62-->src\main\AndroidManifest.xml:34:9-36:40
63            android:name="com.example.travel_app.Activity.user.SignupActivity"
63-->src\main\AndroidManifest.xml:35:13-57
64            android:exported="false" />
64-->src\main\AndroidManifest.xml:36:13-37
65        <activity
65-->src\main\AndroidManifest.xml:37:9-39:40
66            android:name="com.example.travel_app.Activity.user.LoginActivity"
66-->src\main\AndroidManifest.xml:38:13-56
67            android:exported="false" />
67-->src\main\AndroidManifest.xml:39:13-37
68        <activity
68-->src\main\AndroidManifest.xml:40:9-42:40
69            android:name="com.example.travel_app.Activity.user.TicketActivity"
69-->src\main\AndroidManifest.xml:41:13-57
70            android:exported="false" />
70-->src\main\AndroidManifest.xml:42:13-37
71        <activity
71-->src\main\AndroidManifest.xml:43:9-45:40
72            android:name="com.example.travel_app.Activity.user.ProfileActivity"
72-->src\main\AndroidManifest.xml:44:13-58
73            android:exported="false" />
73-->src\main\AndroidManifest.xml:45:13-37
74        <activity
74-->src\main\AndroidManifest.xml:46:9-48:40
75            android:name="com.example.travel_app.Activity.user.BookmarkActivity"
75-->src\main\AndroidManifest.xml:47:13-59
76            android:exported="false" />
76-->src\main\AndroidManifest.xml:48:13-37
77        <activity
77-->src\main\AndroidManifest.xml:49:9-51:40
78            android:name="com.example.travel_app.Activity.user.DetailActivity"
78-->src\main\AndroidManifest.xml:50:13-57
79            android:exported="false" />
79-->src\main\AndroidManifest.xml:51:13-37
80        <activity
80-->src\main\AndroidManifest.xml:52:9-54:40
81            android:name="com.example.travel_app.Activity.user.ListItemsActivity"
81-->src\main\AndroidManifest.xml:53:13-60
82            android:exported="false" />
82-->src\main\AndroidManifest.xml:54:13-37
83        <activity
83-->src\main\AndroidManifest.xml:55:9-57:40
84            android:name="com.example.travel_app.Activity.BaseActivity"
84-->src\main\AndroidManifest.xml:56:13-50
85            android:exported="false" />
85-->src\main\AndroidManifest.xml:57:13-37
86        <activity
86-->src\main\AndroidManifest.xml:58:9-66:20
87            android:name="com.example.travel_app.Activity.user.IntroActivity"
87-->src\main\AndroidManifest.xml:59:13-56
88            android:exported="true" >
88-->src\main\AndroidManifest.xml:60:13-36
89            <intent-filter>
89-->src\main\AndroidManifest.xml:61:13-65:29
90                <action android:name="android.intent.action.MAIN" />
90-->src\main\AndroidManifest.xml:62:17-69
90-->src\main\AndroidManifest.xml:62:25-66
91
92                <category android:name="android.intent.category.LAUNCHER" />
92-->src\main\AndroidManifest.xml:64:17-77
92-->src\main\AndroidManifest.xml:64:27-74
93            </intent-filter>
94        </activity>
95        <activity
95-->src\main\AndroidManifest.xml:67:9-75:20
96            android:name="com.example.travel_app.Activity.user.MainActivity"
96-->src\main\AndroidManifest.xml:68:13-55
97            android:exported="true" >
97-->src\main\AndroidManifest.xml:69:13-36
98            <intent-filter>
98-->src\main\AndroidManifest.xml:61:13-65:29
99                <action android:name="android.intent.action.MAIN" />
99-->src\main\AndroidManifest.xml:62:17-69
99-->src\main\AndroidManifest.xml:62:25-66
100
101                <category android:name="android.intent.category.LAUNCHER" />
101-->src\main\AndroidManifest.xml:64:17-77
101-->src\main\AndroidManifest.xml:64:27-74
102            </intent-filter>
103        </activity>
104        <activity
104-->[com.stripe:paymentsheet:17.2.0] AndroidManifest.xml:10:9-13:69
105            android:name="com.stripe.android.paymentsheet.PaymentSheetActivity"
105-->[com.stripe:paymentsheet:17.2.0] AndroidManifest.xml:11:13-80
106            android:exported="false"
106-->[com.stripe:paymentsheet:17.2.0] AndroidManifest.xml:12:13-37
107            android:theme="@style/StripePaymentSheetDefaultTheme" />
107-->[com.stripe:paymentsheet:17.2.0] AndroidManifest.xml:13:13-66
108        <activity
108-->[com.stripe:paymentsheet:17.2.0] AndroidManifest.xml:14:9-17:69
109            android:name="com.stripe.android.paymentsheet.PaymentOptionsActivity"
109-->[com.stripe:paymentsheet:17.2.0] AndroidManifest.xml:15:13-82
110            android:exported="false"
110-->[com.stripe:paymentsheet:17.2.0] AndroidManifest.xml:16:13-37
111            android:theme="@style/StripePaymentSheetDefaultTheme" />
111-->[com.stripe:paymentsheet:17.2.0] AndroidManifest.xml:17:13-66
112        <activity
112-->[com.stripe:payments-core:17.2.0] AndroidManifest.xml:17:9-20:57
113            android:name="com.stripe.android.view.AddPaymentMethodActivity"
113-->[com.stripe:payments-core:17.2.0] AndroidManifest.xml:18:13-76
114            android:exported="false"
114-->[com.stripe:payments-core:17.2.0] AndroidManifest.xml:19:13-37
115            android:theme="@style/StripeDefaultTheme" />
115-->[com.stripe:payments-core:17.2.0] AndroidManifest.xml:20:13-54
116        <activity
116-->[com.stripe:payments-core:17.2.0] AndroidManifest.xml:21:9-24:57
117            android:name="com.stripe.android.view.PaymentMethodsActivity"
117-->[com.stripe:payments-core:17.2.0] AndroidManifest.xml:22:13-74
118            android:exported="false"
118-->[com.stripe:payments-core:17.2.0] AndroidManifest.xml:23:13-37
119            android:theme="@style/StripeDefaultTheme" />
119-->[com.stripe:payments-core:17.2.0] AndroidManifest.xml:24:13-54
120        <activity
120-->[com.stripe:payments-core:17.2.0] AndroidManifest.xml:25:9-28:57
121            android:name="com.stripe.android.view.PaymentFlowActivity"
121-->[com.stripe:payments-core:17.2.0] AndroidManifest.xml:26:13-71
122            android:exported="false"
122-->[com.stripe:payments-core:17.2.0] AndroidManifest.xml:27:13-37
123            android:theme="@style/StripeDefaultTheme" />
123-->[com.stripe:payments-core:17.2.0] AndroidManifest.xml:28:13-54
124        <activity
124-->[com.stripe:payments-core:17.2.0] AndroidManifest.xml:29:9-33:58
125            android:name="com.stripe.android.view.PaymentAuthWebViewActivity"
125-->[com.stripe:payments-core:17.2.0] AndroidManifest.xml:30:13-78
126            android:exported="false"
126-->[com.stripe:payments-core:17.2.0] AndroidManifest.xml:31:13-37
127            android:theme="@style/StripeDefaultTheme"
127-->[com.stripe:payments-core:17.2.0] AndroidManifest.xml:32:13-54
128            android:windowSoftInputMode="adjustResize" />
128-->[com.stripe:payments-core:17.2.0] AndroidManifest.xml:33:13-55
129        <activity
129-->[com.stripe:payments-core:17.2.0] AndroidManifest.xml:34:9-37:61
130            android:name="com.stripe.android.view.PaymentRelayActivity"
130-->[com.stripe:payments-core:17.2.0] AndroidManifest.xml:35:13-72
131            android:exported="false"
131-->[com.stripe:payments-core:17.2.0] AndroidManifest.xml:36:13-37
132            android:theme="@style/StripeTransparentTheme" />
132-->[com.stripe:payments-core:17.2.0] AndroidManifest.xml:37:13-58
133        <!--
134        Set android:launchMode="singleTop" so that the StripeBrowserLauncherActivity instance that
135        launched the browser Activity will also handle the return URL deep link.
136        -->
137        <activity
137-->[com.stripe:payments-core:17.2.0] AndroidManifest.xml:43:9-60:20
138            android:name="com.stripe.android.payments.StripeBrowserLauncherActivity"
138-->[com.stripe:payments-core:17.2.0] AndroidManifest.xml:44:13-85
139            android:exported="true"
139-->[com.stripe:payments-core:17.2.0] AndroidManifest.xml:45:13-36
140            android:launchMode="singleTask"
140-->[com.stripe:payments-core:17.2.0] AndroidManifest.xml:46:13-44
141            android:theme="@style/StripeTransparentTheme" >
141-->[com.stripe:payments-core:17.2.0] AndroidManifest.xml:47:13-58
142            <intent-filter>
142-->[com.stripe:payments-core:17.2.0] AndroidManifest.xml:48:13-59:29
143                <action android:name="android.intent.action.VIEW" />
143-->[com.stripe:payments-core:17.2.0] AndroidManifest.xml:49:17-69
143-->[com.stripe:payments-core:17.2.0] AndroidManifest.xml:49:25-66
144
145                <category android:name="android.intent.category.DEFAULT" />
145-->[com.stripe:payments-core:17.2.0] AndroidManifest.xml:51:17-76
145-->[com.stripe:payments-core:17.2.0] AndroidManifest.xml:51:27-73
146                <category android:name="android.intent.category.BROWSABLE" />
146-->[com.stripe:payments-core:17.2.0] AndroidManifest.xml:52:17-78
146-->[com.stripe:payments-core:17.2.0] AndroidManifest.xml:52:27-75
147
148                <!-- Must match `DefaultReturnUrl#value`. -->
149                <data
149-->[com.stripe:payments-core:17.2.0] AndroidManifest.xml:55:17-58:50
150                    android:host="payment_return_url"
150-->[com.stripe:payments-core:17.2.0] AndroidManifest.xml:56:21-54
151                    android:path="/com.example.travel_app"
151-->[com.stripe:payments-core:17.2.0] AndroidManifest.xml:57:21-53
152                    android:scheme="stripesdk" />
152-->[com.stripe:payments-core:17.2.0] AndroidManifest.xml:58:21-47
153            </intent-filter>
154        </activity>
155        <activity
155-->[com.stripe:payments-core:17.2.0] AndroidManifest.xml:61:9-64:57
156            android:name="com.stripe.android.payments.core.authentication.threeds2.Stripe3ds2TransactionActivity"
156-->[com.stripe:payments-core:17.2.0] AndroidManifest.xml:62:13-114
157            android:exported="false"
157-->[com.stripe:payments-core:17.2.0] AndroidManifest.xml:63:13-37
158            android:theme="@style/StripeDefaultTheme" />
158-->[com.stripe:payments-core:17.2.0] AndroidManifest.xml:64:13-54
159        <activity
159-->[com.stripe:payments-core:17.2.0] AndroidManifest.xml:65:9-68:66
160            android:name="com.stripe.android.googlepaylauncher.StripeGooglePayActivity"
160-->[com.stripe:payments-core:17.2.0] AndroidManifest.xml:66:13-88
161            android:exported="false"
161-->[com.stripe:payments-core:17.2.0] AndroidManifest.xml:67:13-37
162            android:theme="@style/StripeGooglePayDefaultTheme" />
162-->[com.stripe:payments-core:17.2.0] AndroidManifest.xml:68:13-63
163        <activity
163-->[com.stripe:payments-core:17.2.0] AndroidManifest.xml:69:9-72:66
164            android:name="com.stripe.android.googlepaylauncher.GooglePayLauncherActivity"
164-->[com.stripe:payments-core:17.2.0] AndroidManifest.xml:70:13-90
165            android:exported="false"
165-->[com.stripe:payments-core:17.2.0] AndroidManifest.xml:71:13-37
166            android:theme="@style/StripeGooglePayDefaultTheme" />
166-->[com.stripe:payments-core:17.2.0] AndroidManifest.xml:72:13-63
167        <activity
167-->[com.stripe:payments-core:17.2.0] AndroidManifest.xml:73:9-76:66
168            android:name="com.stripe.android.googlepaylauncher.GooglePayPaymentMethodLauncherActivity"
168-->[com.stripe:payments-core:17.2.0] AndroidManifest.xml:74:13-103
169            android:exported="false"
169-->[com.stripe:payments-core:17.2.0] AndroidManifest.xml:75:13-37
170            android:theme="@style/StripeGooglePayDefaultTheme" />
170-->[com.stripe:payments-core:17.2.0] AndroidManifest.xml:76:13-63
171        <activity
171-->[com.stripe:payments-core:17.2.0] AndroidManifest.xml:77:9-80:62
172            android:name="com.stripe.android.payments.paymentlauncher.PaymentLauncherConfirmationActivity"
172-->[com.stripe:payments-core:17.2.0] AndroidManifest.xml:78:13-107
173            android:exported="false"
173-->[com.stripe:payments-core:17.2.0] AndroidManifest.xml:79:13-37
174            android:theme="@style/PayLauncherDefaultTheme" />
174-->[com.stripe:payments-core:17.2.0] AndroidManifest.xml:80:13-59
175        <activity
175-->[com.stripe:stripe-3ds2-android:6.1.2] AndroidManifest.xml:10:9-13:54
176            android:name="com.stripe.android.stripe3ds2.views.ChallengeActivity"
176-->[com.stripe:stripe-3ds2-android:6.1.2] AndroidManifest.xml:11:13-81
177            android:exported="false"
177-->[com.stripe:stripe-3ds2-android:6.1.2] AndroidManifest.xml:12:13-37
178            android:theme="@style/Stripe3DS2Theme" />
178-->[com.stripe:stripe-3ds2-android:6.1.2] AndroidManifest.xml:13:13-51
179        <activity
179-->[com.google.firebase:firebase-auth:23.0.0] AndroidManifest.xml:29:9-46:20
180            android:name="com.google.firebase.auth.internal.GenericIdpActivity"
180-->[com.google.firebase:firebase-auth:23.0.0] AndroidManifest.xml:30:13-80
181            android:excludeFromRecents="true"
181-->[com.google.firebase:firebase-auth:23.0.0] AndroidManifest.xml:31:13-46
182            android:exported="true"
182-->[com.google.firebase:firebase-auth:23.0.0] AndroidManifest.xml:32:13-36
183            android:launchMode="singleTask"
183-->[com.google.firebase:firebase-auth:23.0.0] AndroidManifest.xml:33:13-44
184            android:theme="@android:style/Theme.Translucent.NoTitleBar" >
184-->[com.google.firebase:firebase-auth:23.0.0] AndroidManifest.xml:34:13-72
185            <intent-filter>
185-->[com.google.firebase:firebase-auth:23.0.0] AndroidManifest.xml:35:13-45:29
186                <action android:name="android.intent.action.VIEW" />
186-->[com.stripe:payments-core:17.2.0] AndroidManifest.xml:49:17-69
186-->[com.stripe:payments-core:17.2.0] AndroidManifest.xml:49:25-66
187
188                <category android:name="android.intent.category.DEFAULT" />
188-->[com.stripe:payments-core:17.2.0] AndroidManifest.xml:51:17-76
188-->[com.stripe:payments-core:17.2.0] AndroidManifest.xml:51:27-73
189                <category android:name="android.intent.category.BROWSABLE" />
189-->[com.stripe:payments-core:17.2.0] AndroidManifest.xml:52:17-78
189-->[com.stripe:payments-core:17.2.0] AndroidManifest.xml:52:27-75
190
191                <data
191-->[com.stripe:payments-core:17.2.0] AndroidManifest.xml:55:17-58:50
192                    android:host="firebase.auth"
192-->[com.stripe:payments-core:17.2.0] AndroidManifest.xml:56:21-54
193                    android:path="/"
193-->[com.stripe:payments-core:17.2.0] AndroidManifest.xml:57:21-53
194                    android:scheme="genericidp" />
194-->[com.stripe:payments-core:17.2.0] AndroidManifest.xml:58:21-47
195            </intent-filter>
196        </activity>
197        <activity
197-->[com.google.firebase:firebase-auth:23.0.0] AndroidManifest.xml:47:9-64:20
198            android:name="com.google.firebase.auth.internal.RecaptchaActivity"
198-->[com.google.firebase:firebase-auth:23.0.0] AndroidManifest.xml:48:13-79
199            android:excludeFromRecents="true"
199-->[com.google.firebase:firebase-auth:23.0.0] AndroidManifest.xml:49:13-46
200            android:exported="true"
200-->[com.google.firebase:firebase-auth:23.0.0] AndroidManifest.xml:50:13-36
201            android:launchMode="singleTask"
201-->[com.google.firebase:firebase-auth:23.0.0] AndroidManifest.xml:51:13-44
202            android:theme="@android:style/Theme.Translucent.NoTitleBar" >
202-->[com.google.firebase:firebase-auth:23.0.0] AndroidManifest.xml:52:13-72
203            <intent-filter>
203-->[com.google.firebase:firebase-auth:23.0.0] AndroidManifest.xml:53:13-63:29
204                <action android:name="android.intent.action.VIEW" />
204-->[com.stripe:payments-core:17.2.0] AndroidManifest.xml:49:17-69
204-->[com.stripe:payments-core:17.2.0] AndroidManifest.xml:49:25-66
205
206                <category android:name="android.intent.category.DEFAULT" />
206-->[com.stripe:payments-core:17.2.0] AndroidManifest.xml:51:17-76
206-->[com.stripe:payments-core:17.2.0] AndroidManifest.xml:51:27-73
207                <category android:name="android.intent.category.BROWSABLE" />
207-->[com.stripe:payments-core:17.2.0] AndroidManifest.xml:52:17-78
207-->[com.stripe:payments-core:17.2.0] AndroidManifest.xml:52:27-75
208
209                <data
209-->[com.stripe:payments-core:17.2.0] AndroidManifest.xml:55:17-58:50
210                    android:host="firebase.auth"
210-->[com.stripe:payments-core:17.2.0] AndroidManifest.xml:56:21-54
211                    android:path="/"
211-->[com.stripe:payments-core:17.2.0] AndroidManifest.xml:57:21-53
212                    android:scheme="recaptcha" />
212-->[com.stripe:payments-core:17.2.0] AndroidManifest.xml:58:21-47
213            </intent-filter>
214        </activity>
215
216        <service
216-->[com.google.firebase:firebase-auth:23.0.0] AndroidManifest.xml:66:9-72:19
217            android:name="com.google.firebase.components.ComponentDiscoveryService"
217-->[com.google.firebase:firebase-auth:23.0.0] AndroidManifest.xml:67:13-84
218            android:directBootAware="true"
218-->[com.google.firebase:firebase-common:21.0.0] AndroidManifest.xml:32:13-43
219            android:exported="false" >
219-->[com.google.firebase:firebase-auth:23.0.0] AndroidManifest.xml:68:13-37
220            <meta-data
220-->[com.google.firebase:firebase-auth:23.0.0] AndroidManifest.xml:69:13-71:85
221                android:name="com.google.firebase.components:com.google.firebase.auth.FirebaseAuthRegistrar"
221-->[com.google.firebase:firebase-auth:23.0.0] AndroidManifest.xml:70:17-109
222                android:value="com.google.firebase.components.ComponentRegistrar" />
222-->[com.google.firebase:firebase-auth:23.0.0] AndroidManifest.xml:71:17-82
223            <meta-data
223-->[com.google.firebase:firebase-database:21.0.0] AndroidManifest.xml:29:13-31:85
224                android:name="com.google.firebase.components:com.google.firebase.database.FirebaseDatabaseKtxRegistrar"
224-->[com.google.firebase:firebase-database:21.0.0] AndroidManifest.xml:30:17-120
225                android:value="com.google.firebase.components.ComponentRegistrar" />
225-->[com.google.firebase:firebase-database:21.0.0] AndroidManifest.xml:31:17-82
226            <meta-data
226-->[com.google.firebase:firebase-database:21.0.0] AndroidManifest.xml:32:13-34:85
227                android:name="com.google.firebase.components:com.google.firebase.database.DatabaseRegistrar"
227-->[com.google.firebase:firebase-database:21.0.0] AndroidManifest.xml:33:17-109
228                android:value="com.google.firebase.components.ComponentRegistrar" />
228-->[com.google.firebase:firebase-database:21.0.0] AndroidManifest.xml:34:17-82
229            <meta-data
229-->[com.google.firebase:firebase-firestore:25.1.0] AndroidManifest.xml:17:13-19:85
230                android:name="com.google.firebase.components:com.google.firebase.firestore.FirebaseFirestoreKtxRegistrar"
230-->[com.google.firebase:firebase-firestore:25.1.0] AndroidManifest.xml:18:17-122
231                android:value="com.google.firebase.components.ComponentRegistrar" />
231-->[com.google.firebase:firebase-firestore:25.1.0] AndroidManifest.xml:19:17-82
232            <meta-data
232-->[com.google.firebase:firebase-firestore:25.1.0] AndroidManifest.xml:20:13-22:85
233                android:name="com.google.firebase.components:com.google.firebase.firestore.FirestoreRegistrar"
233-->[com.google.firebase:firebase-firestore:25.1.0] AndroidManifest.xml:21:17-111
234                android:value="com.google.firebase.components.ComponentRegistrar" />
234-->[com.google.firebase:firebase-firestore:25.1.0] AndroidManifest.xml:22:17-82
235            <meta-data
235-->[com.google.firebase:firebase-storage:21.0.0] AndroidManifest.xml:30:13-32:85
236                android:name="com.google.firebase.components:com.google.firebase.storage.FirebaseStorageKtxRegistrar"
236-->[com.google.firebase:firebase-storage:21.0.0] AndroidManifest.xml:31:17-118
237                android:value="com.google.firebase.components.ComponentRegistrar" />
237-->[com.google.firebase:firebase-storage:21.0.0] AndroidManifest.xml:32:17-82
238            <meta-data
238-->[com.google.firebase:firebase-storage:21.0.0] AndroidManifest.xml:33:13-35:85
239                android:name="com.google.firebase.components:com.google.firebase.storage.StorageRegistrar"
239-->[com.google.firebase:firebase-storage:21.0.0] AndroidManifest.xml:34:17-107
240                android:value="com.google.firebase.components.ComponentRegistrar" />
240-->[com.google.firebase:firebase-storage:21.0.0] AndroidManifest.xml:35:17-82
241            <meta-data
241-->[com.google.firebase:firebase-appcheck:18.0.0] AndroidManifest.xml:25:13-27:85
242                android:name="com.google.firebase.components:com.google.firebase.appcheck.FirebaseAppCheckKtxRegistrar"
242-->[com.google.firebase:firebase-appcheck:18.0.0] AndroidManifest.xml:26:17-120
243                android:value="com.google.firebase.components.ComponentRegistrar" />
243-->[com.google.firebase:firebase-appcheck:18.0.0] AndroidManifest.xml:27:17-82
244            <meta-data
244-->[com.google.firebase:firebase-appcheck:18.0.0] AndroidManifest.xml:28:13-30:85
245                android:name="com.google.firebase.components:com.google.firebase.appcheck.FirebaseAppCheckRegistrar"
245-->[com.google.firebase:firebase-appcheck:18.0.0] AndroidManifest.xml:29:17-117
246                android:value="com.google.firebase.components.ComponentRegistrar" />
246-->[com.google.firebase:firebase-appcheck:18.0.0] AndroidManifest.xml:30:17-82
247            <meta-data
247-->[com.google.firebase:firebase-common-ktx:21.0.0] AndroidManifest.xml:12:13-14:85
248                android:name="com.google.firebase.components:com.google.firebase.ktx.FirebaseCommonLegacyRegistrar"
248-->[com.google.firebase:firebase-common-ktx:21.0.0] AndroidManifest.xml:13:17-116
249                android:value="com.google.firebase.components.ComponentRegistrar" />
249-->[com.google.firebase:firebase-common-ktx:21.0.0] AndroidManifest.xml:14:17-82
250            <meta-data
250-->[com.google.firebase:firebase-common:21.0.0] AndroidManifest.xml:35:13-37:85
251                android:name="com.google.firebase.components:com.google.firebase.FirebaseCommonKtxRegistrar"
251-->[com.google.firebase:firebase-common:21.0.0] AndroidManifest.xml:36:17-109
252                android:value="com.google.firebase.components.ComponentRegistrar" />
252-->[com.google.firebase:firebase-common:21.0.0] AndroidManifest.xml:37:17-82
253        </service>
254        <service
254-->[androidx.credentials:credentials-play-services-auth:1.2.0-rc01] AndroidManifest.xml:24:9-32:19
255            android:name="androidx.credentials.playservices.CredentialProviderMetadataHolder"
255-->[androidx.credentials:credentials-play-services-auth:1.2.0-rc01] AndroidManifest.xml:25:13-94
256            android:enabled="true"
256-->[androidx.credentials:credentials-play-services-auth:1.2.0-rc01] AndroidManifest.xml:26:13-35
257            android:exported="false" >
257-->[androidx.credentials:credentials-play-services-auth:1.2.0-rc01] AndroidManifest.xml:27:13-37
258            <meta-data
258-->[androidx.credentials:credentials-play-services-auth:1.2.0-rc01] AndroidManifest.xml:29:13-31:104
259                android:name="androidx.credentials.CREDENTIAL_PROVIDER_KEY"
259-->[androidx.credentials:credentials-play-services-auth:1.2.0-rc01] AndroidManifest.xml:30:17-76
260                android:value="androidx.credentials.playservices.CredentialProviderPlayServicesImpl" />
260-->[androidx.credentials:credentials-play-services-auth:1.2.0-rc01] AndroidManifest.xml:31:17-101
261        </service>
262
263        <activity
263-->[androidx.credentials:credentials-play-services-auth:1.2.0-rc01] AndroidManifest.xml:34:9-41:20
264            android:name="androidx.credentials.playservices.HiddenActivity"
264-->[androidx.credentials:credentials-play-services-auth:1.2.0-rc01] AndroidManifest.xml:35:13-76
265            android:configChanges="orientation|screenSize|screenLayout|keyboardHidden"
265-->[androidx.credentials:credentials-play-services-auth:1.2.0-rc01] AndroidManifest.xml:36:13-87
266            android:enabled="true"
266-->[androidx.credentials:credentials-play-services-auth:1.2.0-rc01] AndroidManifest.xml:37:13-35
267            android:exported="false"
267-->[androidx.credentials:credentials-play-services-auth:1.2.0-rc01] AndroidManifest.xml:38:13-37
268            android:fitsSystemWindows="true"
268-->[androidx.credentials:credentials-play-services-auth:1.2.0-rc01] AndroidManifest.xml:39:13-45
269            android:theme="@style/Theme.Hidden" >
269-->[androidx.credentials:credentials-play-services-auth:1.2.0-rc01] AndroidManifest.xml:40:13-48
270        </activity>
271        <activity
271-->[com.google.android.gms:play-services-auth:20.7.0] AndroidManifest.xml:23:9-27:75
272            android:name="com.google.android.gms.auth.api.signin.internal.SignInHubActivity"
272-->[com.google.android.gms:play-services-auth:20.7.0] AndroidManifest.xml:24:13-93
273            android:excludeFromRecents="true"